2025-08-05 13:09:54,727 - INFO - Starting Sentinel-2 download script v4
2025-08-05 13:09:54,727 - INFO - Target grid IDs: [531, 532, 533, 567, 568, 569, 603, 604, 605]
2025-08-05 13:09:54,727 - INFO - Years: [2024]
2025-08-05 13:09:54,727 - INFO - Target CRS: EPSG:4326
2025-08-05 13:09:54,727 - INFO - Loading grid data from grid_output/slovenia_grid_expanded.gpkg
2025-08-05 13:09:54,905 - INFO - Loaded 947 grid cells
2025-08-05 13:09:54,908 - INFO - Filtered to 9 target grid cells
2025-08-05 13:09:54,909 - INFO - Converting CRS from EPSG:32633 to EPSG:4326
2025-08-05 13:09:54,912 - INFO - Connecting to OpenEO Copernicus Data Space Ecosystem...
2025-08-05 13:09:54,912 - INFO - Loaded openEO client config from sources: []
2025-08-05 13:09:55,441 - INFO - Please authenticate in your browser...
2025-08-05 13:09:55,498 - INFO - Found OIDC providers: ['CDSE']
2025-08-05 13:09:55,498 - INFO - No OIDC provider given, but only one available: 'CDSE'. Using that one.
2025-08-05 13:09:55,730 - INFO - Using default client_id 'sh-b1c3a958-52d4-40fe-a333-153595d1c71e' from OIDC provider 'CDSE' info.
2025-08-05 13:09:55,731 - INFO - Found refresh token: trying refresh token based authentication.
2025-08-05 13:09:55,731 - INFO - Doing 'refresh_token' token request 'https://identity.dataspace.copernicus.eu/auth/realms/CDSE/protocol/openid-connect/token' with post data fields ['grant_type', 'client_id', 'refresh_token'] (client_id 'sh-b1c3a958-52d4-40fe-a333-153595d1c71e')
2025-08-05 13:09:56,195 - INFO - Obtained tokens: ['access_token', 'id_token', 'refresh_token']
2025-08-05 13:09:56,196 - INFO - Storing refresh token for issuer 'https://identity.dataspace.copernicus.eu/auth/realms/CDSE' (client 'sh-b1c3a958-52d4-40fe-a333-153595d1c71e')
2025-08-05 13:09:56,199 - INFO - Successfully connected and authenticated
2025-08-05 13:09:56,202 - INFO - Grid 531 exact bounds: W=14.3439458013, S=46.0335878756, E=14.4090864850, N=46.0789390557
2025-08-05 13:09:56,202 - INFO - Using exact grid boundaries for pixel alignment
2025-08-05 13:09:56,203 - INFO - Grid 532 exact bounds: W=14.4086063021, S=46.0339401785, E=14.4736956352, N=46.0792553319
2025-08-05 13:09:56,203 - INFO - Using exact grid boundaries for pixel alignment
2025-08-05 13:09:56,204 - INFO - Grid 533 exact bounds: W=14.4732679482, S=46.0342559613, E=14.5383058024, N=46.0795350295
2025-08-05 13:09:56,204 - INFO - Using exact grid boundaries for pixel alignment
2025-08-05 13:09:56,205 - INFO - Grid 567 exact bounds: W=14.3444784766, S=45.9885891882, E=14.4095655260, N=46.0339401785
2025-08-05 13:09:56,205 - INFO - Using exact grid boundaries for pixel alignment
2025-08-05 13:09:56,205 - INFO - Grid 568 exact bounds: W=14.4090864850, S=45.9889409415, E=14.4741223052, N=46.0342559613
2025-08-05 13:09:56,205 - INFO - Using exact grid boundaries for pixel alignment
2025-08-05 13:09:56,206 - INFO - Grid 569 exact bounds: W=14.4736956352, S=45.9892562317, E=14.5386800984, N=46.0345352225
2025-08-05 13:09:56,206 - INFO - Using exact grid boundaries for pixel alignment
2025-08-05 13:09:56,207 - INFO - Grid 603 exact bounds: W=14.3450098853, S=45.9435901401, E=14.4100434285, N=45.9889409415
2025-08-05 13:09:56,207 - INFO - Using exact grid boundaries for pixel alignment
2025-08-05 13:09:56,208 - INFO - Grid 604 exact bounds: W=14.4095655260, S=45.9439413447, E=14.4745479611, N=45.9892562317
2025-08-05 13:09:56,208 - INFO - Using exact grid boundaries for pixel alignment
2025-08-05 13:09:56,208 - INFO - Grid 605 exact bounds: W=14.4741223052, S=45.9442561431, E=14.5390535048, N=45.9895350572
2025-08-05 13:09:56,208 - INFO - Using exact grid boundaries for pixel alignment
2025-08-05 13:09:56,208 - INFO - Generated 9 download tasks
2025-08-05 13:09:56,208 - INFO - Grid IDs: [531, 532, 533, 567, 568, 569, 603, 604, 605]
2025-08-05 13:09:56,208 - INFO - Years: [2024]
2025-08-05 13:09:56,208 - INFO - Target CRS: EPSG:4326
2025-08-05 13:09:56,208 - INFO - Pixel size: 9e-05 degrees
2025-08-05 13:09:56,209 - INFO - Download directory: /Users/gasper/Documents/ViCos/eo_cd_slo/data/images/sentinel_downloads_v4
2025-08-05 13:09:56,227 - INFO - Processing grid 531 for 2024-08
2025-08-05 13:09:56,228 - INFO - Using exact bbox: {'west': 14.343945801295314, 'south': 46.03358787559205, 'east': 14.409086484975475, 'north': 46.07893905569705}
2025-08-05 13:09:56,367 - INFO - Downloading sentinel2_grid_531_2024_08.tiff...
2025-08-05 13:10:19,575 - INFO - Downloaded image properties:
2025-08-05 13:10:19,575 - INFO -   File: sentinel2_grid_531_2024_08.tiff
2025-08-05 13:10:19,575 - INFO -   Size: 724x505
2025-08-05 13:10:19,575 - INFO -   CRS: EPSG:4326
2025-08-05 13:10:19,575 - INFO -   Bounds: BoundingBox(left=14.343935460152936, bottom=46.03351085028413, right=14.409095460152937, top=46.07896085028413)
2025-08-05 13:10:19,575 - INFO -   Transform: | 0.00, 0.00, 14.34|
| 0.00,-0.00, 46.08|
| 0.00, 0.00, 1.00|
2025-08-05 13:10:19,575 - INFO -   Data type: ('int16', 'int16', 'int16')
2025-08-05 13:10:19,575 - INFO - Bbox validation:
2025-08-05 13:10:19,575 - INFO -   Expected: W=14.3439458013, S=46.0335878756, E=14.4090864850, N=46.0789390557
2025-08-05 13:10:19,575 - INFO -   Actual:   W=14.3439354602, S=46.0335108503, E=14.4090954602, N=46.0789608503
2025-08-05 13:10:19,576 - INFO - Successfully downloaded: sentinel2_grid_531_2024_08.tiff
2025-08-05 13:10:21,583 - INFO - Processing grid 532 for 2024-08
2025-08-05 13:10:21,584 - INFO - Using exact bbox: {'west': 14.408606302122417, 'south': 46.03394017847361, 'east': 14.473695635184303, 'north': 46.07925533194354}
2025-08-05 13:10:21,652 - INFO - Downloading sentinel2_grid_532_2024_08.tiff...
2025-08-05 13:10:45,744 - INFO - Downloaded image properties:
2025-08-05 13:10:45,745 - INFO -   File: sentinel2_grid_532_2024_08.tiff
2025-08-05 13:10:45,745 - INFO -   Size: 724x505
2025-08-05 13:10:45,745 - INFO -   CRS: EPSG:4326
2025-08-05 13:10:45,745 - INFO -   Bounds: BoundingBox(left=14.408596390003733, bottom=46.033863452861574, right=14.473756390003734, top=46.07931345286158)
2025-08-05 13:10:45,745 - INFO -   Transform: | 0.00, 0.00, 14.41|
| 0.00,-0.00, 46.08|
| 0.00, 0.00, 1.00|
2025-08-05 13:10:45,745 - INFO -   Data type: ('int16', 'int16', 'int16')
2025-08-05 13:10:45,745 - INFO - Bbox validation:
2025-08-05 13:10:45,745 - INFO -   Expected: W=14.4086063021, S=46.0339401785, E=14.4736956352, N=46.0792553319
2025-08-05 13:10:45,745 - INFO -   Actual:   W=14.4085963900, S=46.0338634529, E=14.4737563900, N=46.0793134529
2025-08-05 13:10:45,745 - INFO - Successfully downloaded: sentinel2_grid_532_2024_08.tiff
2025-08-05 13:10:47,752 - INFO - Processing grid 533 for 2024-08
2025-08-05 13:10:47,753 - INFO - Using exact bbox: {'west': 14.4732679481637, 'south': 46.0342559613064, 'east': 14.538305802418119, 'north': 46.07953502949432}
2025-08-05 13:10:47,825 - INFO - Downloading sentinel2_grid_533_2024_08.tiff...
2025-08-05 13:11:18,697 - INFO - Downloaded image properties:
2025-08-05 13:11:18,697 - INFO -   File: sentinel2_grid_533_2024_08.tiff
2025-08-05 13:11:18,697 - INFO -   Size: 723x504
2025-08-05 13:11:18,698 - INFO -   CRS: EPSG:4326
2025-08-05 13:11:18,698 - INFO -   Bounds: BoundingBox(left=14.473259323449334, bottom=46.034179537191875, right=14.538329323449334, top=46.07953953719188)
2025-08-05 13:11:18,698 - INFO -   Transform: | 0.00, 0.00, 14.47|
| 0.00,-0.00, 46.08|
| 0.00, 0.00, 1.00|
2025-08-05 13:11:18,698 - INFO -   Data type: ('int16', 'int16', 'int16')
2025-08-05 13:11:18,698 - INFO - Bbox validation:
2025-08-05 13:11:18,698 - INFO -   Expected: W=14.4732679482, S=46.0342559613, E=14.5383058024, N=46.0795350295
2025-08-05 13:11:18,698 - INFO -   Actual:   W=14.4732593234, S=46.0341795372, E=14.5383293234, N=46.0795395372
2025-08-05 13:11:18,698 - INFO - Successfully downloaded: sentinel2_grid_533_2024_08.tiff
2025-08-05 13:11:20,706 - INFO - Processing grid 567 for 2024-08
2025-08-05 13:11:20,708 - INFO - Using exact bbox: {'west': 14.34447847660781, 'south': 45.98858918818731, 'east': 14.40956552598504, 'north': 46.03394017847361}
2025-08-05 13:11:20,779 - INFO - Downloading sentinel2_grid_567_2024_08.tiff...
2025-08-05 13:11:47,373 - INFO - Downloaded image properties:
2025-08-05 13:11:47,376 - INFO -   File: sentinel2_grid_567_2024_08.tiff
2025-08-05 13:11:47,376 - INFO -   Size: 724x505
2025-08-05 13:11:47,377 - INFO -   CRS: EPSG:4326
2025-08-05 13:11:47,377 - INFO -   Bounds: BoundingBox(left=14.344468589219284, bottom=45.98851216211991, right=14.409628589219285, top=46.03396216211991)
2025-08-05 13:11:47,377 - INFO -   Transform: | 0.00, 0.00, 14.34|
| 0.00,-0.00, 46.03|
| 0.00, 0.00, 1.00|
2025-08-05 13:11:47,377 - INFO -   Data type: ('int16', 'int16', 'int16')
2025-08-05 13:11:47,377 - INFO - Bbox validation:
2025-08-05 13:11:47,377 - INFO -   Expected: W=14.3444784766, S=45.9885891882, E=14.4095655260, N=46.0339401785
2025-08-05 13:11:47,378 - INFO -   Actual:   W=14.3444685892, S=45.9885121621, E=14.4096285892, N=46.0339621621
2025-08-05 13:11:47,379 - INFO - Successfully downloaded: sentinel2_grid_567_2024_08.tiff
2025-08-05 13:11:49,381 - INFO - Processing grid 568 for 2024-08
2025-08-05 13:11:49,382 - INFO - Using exact bbox: {'west': 14.409086484975475, 'south': 45.9889409414848, 'east': 14.474122305177849, 'north': 46.0342559613064}
2025-08-05 13:11:49,446 - INFO - Downloading sentinel2_grid_568_2024_08.tiff...
2025-08-05 13:12:12,101 - INFO - Downloaded image properties:
2025-08-05 13:12:12,102 - INFO -   File: sentinel2_grid_568_2024_08.tiff
2025-08-05 13:12:12,103 - INFO -   Size: 723x505
2025-08-05 13:12:12,103 - INFO -   CRS: EPSG:4326
2025-08-05 13:12:12,103 - INFO -   Bounds: BoundingBox(left=14.40907702559612, bottom=45.98886421464624, right=14.474147025596121, top=46.034314214646244)
2025-08-05 13:12:12,103 - INFO -   Transform: | 0.00, 0.00, 14.41|
| 0.00,-0.00, 46.03|
| 0.00, 0.00, 1.00|
2025-08-05 13:12:12,103 - INFO -   Data type: ('int16', 'int16', 'int16')
2025-08-05 13:12:12,103 - INFO - Bbox validation:
2025-08-05 13:12:12,103 - INFO -   Expected: W=14.4090864850, S=45.9889409415, E=14.4741223052, N=46.0342559613
2025-08-05 13:12:12,103 - INFO -   Actual:   W=14.4090770256, S=45.9888642146, E=14.4741470256, N=46.0343142146
2025-08-05 13:12:12,103 - INFO - Successfully downloaded: sentinel2_grid_568_2024_08.tiff
2025-08-05 13:12:14,109 - INFO - Processing grid 569 for 2024-08
2025-08-05 13:12:14,111 - INFO - Using exact bbox: {'west': 14.473695635184303, 'south': 45.98925623169801, 'east': 14.538680098403683, 'north': 46.0345352225042}
2025-08-05 13:12:14,172 - INFO - Downloading sentinel2_grid_569_2024_08.tiff...
2025-08-05 13:13:00,037 - INFO - Downloaded image properties:
2025-08-05 13:13:00,040 - INFO -   File: sentinel2_grid_569_2024_08.tiff
2025-08-05 13:13:00,041 - INFO -   Size: 723x504
2025-08-05 13:13:00,047 - INFO -   CRS: EPSG:4326
2025-08-05 13:13:00,048 - INFO -   Bounds: BoundingBox(left=14.473687460152304, bottom=45.98917980517045, right=14.538757460152304, top=46.03453980517045)
2025-08-05 13:13:00,048 - INFO -   Transform: | 0.00, 0.00, 14.47|
| 0.00,-0.00, 46.03|
| 0.00, 0.00, 1.00|
2025-08-05 13:13:00,048 - INFO -   Data type: ('int16', 'int16', 'int16')
2025-08-05 13:13:00,048 - INFO - Bbox validation:
2025-08-05 13:13:00,048 - INFO -   Expected: W=14.4736956352, S=45.9892562317, E=14.5386800984, N=46.0345352225
2025-08-05 13:13:00,048 - INFO -   Actual:   W=14.4736874602, S=45.9891798052, E=14.5387574602, N=46.0345398052
2025-08-05 13:13:00,048 - INFO - Successfully downloaded: sentinel2_grid_569_2024_08.tiff
2025-08-05 13:13:02,066 - INFO - Processing grid 603 for 2024-08
2025-08-05 13:13:02,069 - INFO - Using exact bbox: {'west': 14.345009885274333, 'south': 45.94359014012293, 'east': 14.410043428510193, 'north': 45.9889409414848}
2025-08-05 13:13:02,247 - INFO - Downloading sentinel2_grid_603_2024_08.tiff...
2025-08-05 13:13:43,333 - INFO - Downloaded image properties:
2025-08-05 13:13:43,335 - INFO -   File: sentinel2_grid_603_2024_08.tiff
2025-08-05 13:13:43,335 - INFO -   Size: 723x505
2025-08-05 13:13:43,338 - INFO -   CRS: EPSG:4326
2025-08-05 13:13:43,339 - INFO -   Bounds: BoundingBox(left=14.34500045055487, bottom=45.943513113288056, right=14.410070450554871, top=45.98896311328806)
2025-08-05 13:13:43,340 - INFO -   Transform: | 0.00, 0.00, 14.35|
| 0.00,-0.00, 45.99|
| 0.00, 0.00, 1.00|
2025-08-05 13:13:43,340 - INFO -   Data type: ('int16', 'int16', 'int16')
2025-08-05 13:13:43,340 - INFO - Bbox validation:
2025-08-05 13:13:43,341 - INFO -   Expected: W=14.3450098853, S=45.9435901401, E=14.4100434285, N=45.9889409415
2025-08-05 13:13:43,341 - INFO -   Actual:   W=14.3450004506, S=45.9435131133, E=14.4100704506, N=45.9889631133
2025-08-05 13:13:43,342 - INFO - Successfully downloaded: sentinel2_grid_603_2024_08.tiff
2025-08-05 13:13:45,352 - INFO - Processing grid 604 for 2024-08
2025-08-05 13:13:45,354 - INFO - Using exact bbox: {'west': 14.40956552598504, 'south': 45.94394134471939, 'east': 14.474547961136302, 'north': 45.98925623169801}
2025-08-05 13:13:45,446 - INFO - Downloading sentinel2_grid_604_2024_08.tiff...
2025-08-05 13:14:09,974 - INFO - Downloaded image properties:
2025-08-05 13:14:09,976 - INFO -   File: sentinel2_grid_604_2024_08.tiff
2025-08-05 13:14:09,976 - INFO -   Size: 723x505
2025-08-05 13:14:09,977 - INFO -   CRS: EPSG:4326
2025-08-05 13:14:09,978 - INFO -   Bounds: BoundingBox(left=14.409556518263173, bottom=45.943864616647055, right=14.474626518263173, top=45.98931461664706)
2025-08-05 13:14:09,978 - INFO -   Transform: | 0.00, 0.00, 14.41|
| 0.00,-0.00, 45.99|
| 0.00, 0.00, 1.00|
2025-08-05 13:14:09,978 - INFO -   Data type: ('int16', 'int16', 'int16')
2025-08-05 13:14:09,978 - INFO - Bbox validation:
2025-08-05 13:14:09,978 - INFO -   Expected: W=14.4095655260, S=45.9439413447, E=14.4745479611, N=45.9892562317
2025-08-05 13:14:09,979 - INFO -   Actual:   W=14.4095565183, S=45.9438646166, E=14.4746265183, N=45.9893146166
2025-08-05 13:14:09,979 - INFO - Successfully downloaded: sentinel2_grid_604_2024_08.tiff
2025-08-05 13:14:11,983 - INFO - Processing grid 605 for 2024-08
2025-08-05 13:14:11,983 - INFO - Using exact bbox: {'west': 14.474122305177849, 'south': 45.944256143104575, 'east': 14.539053504815849, 'north': 45.98953505724512}
2025-08-05 13:14:12,052 - INFO - Downloading sentinel2_grid_605_2024_08.tiff...
2025-08-05 13:14:32,605 - INFO - Downloaded image properties:
2025-08-05 13:14:32,606 - INFO -   File: sentinel2_grid_605_2024_08.tiff
2025-08-05 13:14:32,606 - INFO -   Size: 722x504
2025-08-05 13:14:32,607 - INFO -   CRS: EPSG:4326
2025-08-05 13:14:32,607 - INFO -   Bounds: BoundingBox(left=14.47411457875534, bottom=45.944179714157485, right=14.539094578755341, top=45.98953971415749)
2025-08-05 13:14:32,607 - INFO -   Transform: | 0.00, 0.00, 14.47|
| 0.00,-0.00, 45.99|
| 0.00, 0.00, 1.00|
2025-08-05 13:14:32,607 - INFO -   Data type: ('int16', 'int16', 'int16')
2025-08-05 13:14:32,607 - INFO - Bbox validation:
2025-08-05 13:14:32,607 - INFO -   Expected: W=14.4741223052, S=45.9442561431, E=14.5390535048, N=45.9895350572
2025-08-05 13:14:32,607 - INFO -   Actual:   W=14.4741145788, S=45.9441797142, E=14.5390945788, N=45.9895397142
2025-08-05 13:14:32,607 - INFO - Successfully downloaded: sentinel2_grid_605_2024_08.tiff
2025-08-05 13:14:34,615 - INFO - ============================================================
2025-08-05 13:14:34,615 - INFO - DOWNLOAD SUMMARY
2025-08-05 13:14:34,615 - INFO - ============================================================
2025-08-05 13:14:34,616 - INFO - Total requested: 9
2025-08-05 13:14:34,616 - INFO - Successfully downloaded: 9
2025-08-05 13:14:34,616 - INFO - Failed: 0
2025-08-05 13:14:34,616 - INFO - Skipped (already exist): 0
2025-08-05 13:14:34,616 - INFO - Success rate: 100.0%
2025-08-05 13:14:34,616 - INFO - ============================================================
2025-08-05 13:14:34,618 - INFO - Download process completed
2025-08-05 13:16:35,243 - INFO - Starting Sentinel-2 download script v4
2025-08-05 13:16:35,244 - INFO - Target grid IDs: [17, 18, 29, 30]
2025-08-05 13:16:35,244 - INFO - Years: [2024]
2025-08-05 13:16:35,244 - INFO - Target CRS: EPSG:4326
2025-08-05 13:16:35,244 - INFO - Loading grid data from grid_output/slovenia_grid_expanded.gpkg
2025-08-05 13:16:35,584 - INFO - Loaded 947 grid cells
2025-08-05 13:16:35,590 - INFO - Filtered to 4 target grid cells
2025-08-05 13:16:35,591 - INFO - Converting CRS from EPSG:32633 to EPSG:4326
2025-08-05 13:16:35,595 - INFO - Connecting to OpenEO Copernicus Data Space Ecosystem...
2025-08-05 13:16:35,595 - INFO - Loaded openEO client config from sources: []
2025-08-05 13:16:36,089 - INFO - Please authenticate in your browser...
2025-08-05 13:16:36,146 - INFO - Found OIDC providers: ['CDSE']
2025-08-05 13:16:36,146 - INFO - No OIDC provider given, but only one available: 'CDSE'. Using that one.
2025-08-05 13:16:36,363 - INFO - Using default client_id 'sh-b1c3a958-52d4-40fe-a333-153595d1c71e' from OIDC provider 'CDSE' info.
2025-08-05 13:16:36,365 - INFO - Found refresh token: trying refresh token based authentication.
2025-08-05 13:16:36,365 - INFO - Doing 'refresh_token' token request 'https://identity.dataspace.copernicus.eu/auth/realms/CDSE/protocol/openid-connect/token' with post data fields ['grant_type', 'client_id', 'refresh_token'] (client_id 'sh-b1c3a958-52d4-40fe-a333-153595d1c71e')
2025-08-05 13:16:36,667 - INFO - Obtained tokens: ['access_token', 'id_token', 'refresh_token']
2025-08-05 13:16:36,667 - INFO - Storing refresh token for issuer 'https://identity.dataspace.copernicus.eu/auth/realms/CDSE' (client 'sh-b1c3a958-52d4-40fe-a333-153595d1c71e')
2025-08-05 13:16:36,669 - INFO - Successfully connected and authenticated
2025-08-05 13:16:36,675 - INFO - Grid 17 exact bounds: W=16.1687921227, S=46.7487893381, E=16.2352675166, N=46.7944627917
2025-08-05 13:16:36,675 - INFO - Using exact grid boundaries for pixel alignment
2025-08-05 13:16:36,675 - INFO - Grid 18 exact bounds: W=16.2342392805, S=46.7480647035, E=16.3007666920, N=46.7937745004
2025-08-05 13:16:36,675 - INFO - Using exact grid boundaries for pixel alignment
2025-08-05 13:16:36,676 - INFO - Grid 29 exact bounds: W=16.1678207157, S=46.7038038033, E=16.2342392805, N=46.7494765547
2025-08-05 13:16:36,676 - INFO - Using exact grid boundaries for pixel alignment
2025-08-05 13:16:36,676 - INFO - Grid 30 exact bounds: W=16.2332135117, S=46.7030803001, E=16.2996839708, N=46.7487893381
2025-08-05 13:16:36,677 - INFO - Using exact grid boundaries for pixel alignment
2025-08-05 13:16:36,677 - INFO - Generated 4 download tasks
2025-08-05 13:16:36,677 - INFO - Grid IDs: [17, 18, 29, 30]
2025-08-05 13:16:36,677 - INFO - Years: [2024]
2025-08-05 13:16:36,677 - INFO - Target CRS: EPSG:4326
2025-08-05 13:16:36,677 - INFO - Pixel size: 9e-05 degrees
2025-08-05 13:16:36,677 - INFO - Download directory: /Users/gasper/Documents/ViCos/eo_cd_slo/data/images/sentinel_downloads_v4
2025-08-05 13:16:36,701 - INFO - Processing grid 17 for 2024-08
2025-08-05 13:16:36,701 - INFO - Using exact bbox: {'west': 16.16879212268572, 'south': 46.7487893381309, 'east': 16.23526751663129, 'north': 46.794462791715105}
2025-08-05 13:16:36,832 - INFO - Downloading sentinel2_grid_17_2024_08.tiff...
2025-08-05 13:17:32,426 - INFO - Downloaded image properties:
2025-08-05 13:17:32,427 - INFO -   File: sentinel2_grid_17_2024_08.tiff
2025-08-05 13:17:32,432 - INFO -   Size: 740x509
2025-08-05 13:17:32,434 - INFO -   CRS: EPSG:4326
2025-08-05 13:17:32,435 - INFO -   Bounds: BoundingBox(left=16.168719903789267, bottom=46.74871199428903, right=16.235319903789268, top=46.79452199428903)
2025-08-05 13:17:32,435 - INFO -   Transform: | 0.00, 0.00, 16.17|
| 0.00,-0.00, 46.79|
| 0.00, 0.00, 1.00|
2025-08-05 13:17:32,435 - INFO -   Data type: ('int16', 'int16', 'int16')
2025-08-05 13:17:32,435 - INFO - Bbox validation:
2025-08-05 13:17:32,435 - INFO -   Expected: W=16.1687921227, S=46.7487893381, E=16.2352675166, N=46.7944627917
2025-08-05 13:17:32,435 - INFO -   Actual:   W=16.1687199038, S=46.7487119943, E=16.2353199038, N=46.7945219943
2025-08-05 13:17:32,435 - INFO - Successfully downloaded: sentinel2_grid_17_2024_08.tiff
2025-08-05 13:17:34,439 - INFO - Processing grid 18 for 2024-08
2025-08-05 13:17:34,441 - INFO - Using exact bbox: {'west': 16.234239280466248, 'south': 46.74806470348648, 'east': 16.300766692000053, 'north': 46.79377450036127}
2025-08-05 13:17:34,523 - INFO - Downloading sentinel2_grid_18_2024_08.tiff...
2025-08-05 13:18:28,738 - INFO - Downloaded image properties:
2025-08-05 13:18:28,740 - INFO -   File: sentinel2_grid_18_2024_08.tiff
2025-08-05 13:18:28,740 - INFO -   Size: 741x509
2025-08-05 13:18:28,741 - INFO -   CRS: EPSG:4326
2025-08-05 13:18:28,741 - INFO -   Bounds: BoundingBox(left=16.234152756273254, bottom=46.74797780096215, right=16.300842756273255, top=46.79378780096214)
2025-08-05 13:18:28,741 - INFO -   Transform: | 0.00, 0.00, 16.23|
| 0.00,-0.00, 46.79|
| 0.00, 0.00, 1.00|
2025-08-05 13:18:28,741 - INFO -   Data type: ('int16', 'int16', 'int16')
2025-08-05 13:18:28,742 - INFO - Bbox validation:
2025-08-05 13:18:28,742 - INFO -   Expected: W=16.2342392805, S=46.7480647035, E=16.3007666920, N=46.7937745004
2025-08-05 13:18:28,742 - INFO -   Actual:   W=16.2341527563, S=46.7479778010, E=16.3008427563, N=46.7937878010
2025-08-05 13:18:28,742 - INFO - Successfully downloaded: sentinel2_grid_18_2024_08.tiff
2025-08-05 13:18:30,750 - INFO - Processing grid 29 for 2024-08
2025-08-05 13:18:30,751 - INFO - Using exact bbox: {'west': 16.16782071568531, 'south': 46.7038038032856, 'east': 16.234239280466248, 'north': 46.749476554680065}
2025-08-05 13:18:30,817 - INFO - Downloading sentinel2_grid_29_2024_08.tiff...
2025-08-05 13:18:59,295 - INFO - Downloaded image properties:
2025-08-05 13:18:59,295 - INFO -   File: sentinel2_grid_29_2024_08.tiff
2025-08-05 13:18:59,295 - INFO -   Size: 739x509
2025-08-05 13:18:59,295 - INFO -   CRS: EPSG:4326
2025-08-05 13:18:59,295 - INFO -   Bounds: BoundingBox(left=16.167750005011683, bottom=46.70372665361178, right=16.234260005011684, top=46.74953665361178)
2025-08-05 13:18:59,296 - INFO -   Transform: | 0.00, 0.00, 16.17|
| 0.00,-0.00, 46.75|
| 0.00, 0.00, 1.00|
2025-08-05 13:18:59,296 - INFO -   Data type: ('int16', 'int16', 'int16')
2025-08-05 13:18:59,296 - INFO - Bbox validation:
2025-08-05 13:18:59,296 - INFO -   Expected: W=16.1678207157, S=46.7038038033, E=16.2342392805, N=46.7494765547
2025-08-05 13:18:59,296 - INFO -   Actual:   W=16.1677500050, S=46.7037266536, E=16.2342600050, N=46.7495366536
2025-08-05 13:18:59,296 - INFO - Successfully downloaded: sentinel2_grid_29_2024_08.tiff
2025-08-05 13:19:01,305 - INFO - Processing grid 30 for 2024-08
2025-08-05 13:19:01,306 - INFO - Using exact bbox: {'west': 16.233213511721388, 'south': 46.70308030006788, 'east': 16.2996839708318, 'north': 46.7487893381309}
2025-08-05 13:19:01,367 - INFO - Downloading sentinel2_grid_30_2024_08.tiff...
2025-08-05 13:19:34,310 - INFO - Downloaded image properties:
2025-08-05 13:19:34,310 - INFO -   File: sentinel2_grid_30_2024_08.tiff
2025-08-05 13:19:34,310 - INFO -   Size: 740x509
2025-08-05 13:19:34,310 - INFO -   CRS: EPSG:4326
2025-08-05 13:19:34,310 - INFO -   Bounds: BoundingBox(left=16.233128530022164, bottom=46.702993606601794, right=16.299728530022165, top=46.74880360660179)
2025-08-05 13:19:34,310 - INFO -   Transform: | 0.00, 0.00, 16.23|
| 0.00,-0.00, 46.75|
| 0.00, 0.00, 1.00|
2025-08-05 13:19:34,310 - INFO -   Data type: ('int16', 'int16', 'int16')
2025-08-05 13:19:34,311 - INFO - Bbox validation:
2025-08-05 13:19:34,311 - INFO -   Expected: W=16.2332135117, S=46.7030803001, E=16.2996839708, N=46.7487893381
2025-08-05 13:19:34,311 - INFO -   Actual:   W=16.2331285300, S=46.7029936066, E=16.2997285300, N=46.7488036066
2025-08-05 13:19:34,311 - INFO - Successfully downloaded: sentinel2_grid_30_2024_08.tiff
2025-08-05 13:19:36,319 - INFO - ============================================================
2025-08-05 13:19:36,320 - INFO - DOWNLOAD SUMMARY
2025-08-05 13:19:36,320 - INFO - ============================================================
2025-08-05 13:19:36,320 - INFO - Total requested: 4
2025-08-05 13:19:36,320 - INFO - Successfully downloaded: 4
2025-08-05 13:19:36,321 - INFO - Failed: 0
2025-08-05 13:19:36,321 - INFO - Skipped (already exist): 0
2025-08-05 13:19:36,321 - INFO - Success rate: 100.0%
2025-08-05 13:19:36,321 - INFO - ============================================================
2025-08-05 13:19:36,322 - INFO - Download process completed
