2025-08-05 13:14:52,017 - INFO - Starting Sentinel-2 database insertion script v4
2025-08-05 13:14:52,017 - INFO - Loading grid data from grid_output/slovenia_grid_expanded.gpkg
2025-08-05 13:14:52,187 - INFO - Loaded 947 grid cells
2025-08-05 13:14:52,188 - INFO - Converting CRS from EPSG:32633 to EPSG:4326
2025-08-05 13:14:52,193 - INFO - Connecting to database...
2025-08-05 13:14:52,315 - INFO - Connected to: PostgreSQL 17.5 (Ubuntu 17.5-1.pgdg22.04+1) on aarch64-unknown-linux-gnu, compiled by gcc (Ubuntu 11.4.0-1ubuntu1~22.04) 11.4.0, 64-bit
2025-08-05 13:14:52,317 - INFO - Loading grid cells into database...
2025-08-05 13:14:54,289 - INFO - Loaded 947 grid cells into database
2025-08-05 13:14:54,293 - INFO - Found 9 image files
2025-08-05 13:14:54,293 - INFO - Found 9 image files to process
2025-08-05 13:14:54,309 - INFO - Processing: sentinel2_grid_605_2024_08.tiff
2025-08-05 13:14:54,356 - INFO - Extracted 3 bands: ['b02', 'b03', 'b04']
2025-08-05 13:14:54,366 - INFO - Grid 605: Bbox alignment validated (overlap: 1.000000)
2025-08-05 13:14:54,566 - INFO - Successfully inserted record for grid 605, 2024-08
2025-08-05 13:14:54,567 - INFO - Processing: sentinel2_grid_604_2024_08.tiff
2025-08-05 13:14:54,577 - INFO - Extracted 3 bands: ['b02', 'b03', 'b04']
2025-08-05 13:14:54,579 - INFO - Grid 604: Bbox alignment validated (overlap: 1.000000)
2025-08-05 13:14:54,689 - INFO - Successfully inserted record for grid 604, 2024-08
2025-08-05 13:14:54,690 - INFO - Processing: sentinel2_grid_603_2024_08.tiff
2025-08-05 13:14:54,697 - INFO - Extracted 3 bands: ['b02', 'b03', 'b04']
2025-08-05 13:14:54,699 - INFO - Grid 603: Bbox alignment validated (overlap: 1.000000)
2025-08-05 13:14:54,804 - INFO - Successfully inserted record for grid 603, 2024-08
2025-08-05 13:14:54,805 - INFO - Processing: sentinel2_grid_533_2024_08.tiff
2025-08-05 13:14:54,816 - INFO - Extracted 3 bands: ['b02', 'b03', 'b04']
2025-08-05 13:14:54,818 - INFO - Grid 533: Bbox alignment validated (overlap: 1.000000)
2025-08-05 13:14:54,919 - INFO - Successfully inserted record for grid 533, 2024-08
2025-08-05 13:14:54,919 - INFO - Processing: sentinel2_grid_532_2024_08.tiff
2025-08-05 13:14:54,929 - INFO - Extracted 3 bands: ['b02', 'b03', 'b04']
2025-08-05 13:14:54,932 - INFO - Grid 532: Bbox alignment validated (overlap: 1.000000)
2025-08-05 13:14:55,038 - INFO - Successfully inserted record for grid 532, 2024-08
2025-08-05 13:14:55,039 - INFO - Processing: sentinel2_grid_567_2024_08.tiff
2025-08-05 13:14:55,047 - INFO - Extracted 3 bands: ['b02', 'b03', 'b04']
2025-08-05 13:14:55,049 - INFO - Grid 567: Bbox alignment validated (overlap: 1.000000)
2025-08-05 13:14:55,173 - INFO - Successfully inserted record for grid 567, 2024-08
2025-08-05 13:14:55,175 - INFO - Processing: sentinel2_grid_531_2024_08.tiff
2025-08-05 13:14:55,184 - INFO - Extracted 3 bands: ['b02', 'b03', 'b04']
2025-08-05 13:14:55,186 - INFO - Grid 531: Bbox alignment validated (overlap: 1.000000)
2025-08-05 13:14:55,323 - INFO - Successfully inserted record for grid 531, 2024-08
2025-08-05 13:14:55,325 - INFO - Processing: sentinel2_grid_569_2024_08.tiff
2025-08-05 13:14:55,343 - INFO - Extracted 3 bands: ['b02', 'b03', 'b04']
2025-08-05 13:14:55,344 - INFO - Grid 569: Bbox alignment validated (overlap: 1.000000)
2025-08-05 13:14:55,445 - INFO - Successfully inserted record for grid 569, 2024-08
2025-08-05 13:14:55,445 - INFO - Processing: sentinel2_grid_568_2024_08.tiff
2025-08-05 13:14:55,454 - INFO - Extracted 3 bands: ['b02', 'b03', 'b04']
2025-08-05 13:14:55,456 - INFO - Grid 568: Bbox alignment validated (overlap: 1.000000)
2025-08-05 13:14:55,567 - INFO - Successfully inserted record for grid 568, 2024-08
2025-08-05 13:14:55,568 - INFO - ============================================================
2025-08-05 13:14:55,568 - INFO - INSERTION SUMMARY
2025-08-05 13:14:55,568 - INFO - ============================================================
2025-08-05 13:14:55,568 - INFO - Total files processed: 9
2025-08-05 13:14:55,568 - INFO - Successfully inserted: 9
2025-08-05 13:14:55,568 - INFO - Failed: 0
2025-08-05 13:14:55,568 - INFO - Skipped (already exist): 0
2025-08-05 13:14:55,568 - INFO - Success rate: 100.0%
2025-08-05 13:14:55,568 - INFO - ============================================================
2025-08-05 13:14:55,568 - INFO - Database connection closed
2025-08-05 13:14:55,568 - INFO - Insertion process completed
2025-08-05 13:19:41,747 - INFO - Starting Sentinel-2 database insertion script v4
2025-08-05 13:19:41,747 - INFO - Loading grid data from grid_output/slovenia_grid_expanded.gpkg
2025-08-05 13:19:41,884 - INFO - Loaded 947 grid cells
2025-08-05 13:19:41,885 - INFO - Converting CRS from EPSG:32633 to EPSG:4326
2025-08-05 13:19:41,888 - INFO - Connecting to database...
2025-08-05 13:19:42,021 - INFO - Connected to: PostgreSQL 17.5 (Ubuntu 17.5-1.pgdg22.04+1) on aarch64-unknown-linux-gnu, compiled by gcc (Ubuntu 11.4.0-1ubuntu1~22.04) 11.4.0, 64-bit
2025-08-05 13:19:42,043 - INFO - Grid cells table already contains 947 records
2025-08-05 13:19:42,043 - INFO - Found 13 image files
2025-08-05 13:19:42,043 - INFO - Found 13 image files to process
2025-08-05 13:19:42,052 - INFO - Processing: sentinel2_grid_30_2024_08.tiff
2025-08-05 13:19:42,078 - INFO - Extracted 3 bands: ['b02', 'b03', 'b04']
2025-08-05 13:19:42,092 - INFO - Grid 30: Bbox alignment validated (overlap: 1.000000)
2025-08-05 13:19:42,729 - INFO - Successfully inserted record for grid 30, 2024-08
2025-08-05 13:19:42,732 - INFO - Processing: sentinel2_grid_605_2024_08.tiff
2025-08-05 13:19:42,741 - INFO - Extracted 3 bands: ['b02', 'b03', 'b04']
2025-08-05 13:19:42,743 - INFO - Record already exists for grid 605, 2024-08
2025-08-05 13:19:42,743 - INFO - Processing: sentinel2_grid_604_2024_08.tiff
2025-08-05 13:19:42,751 - INFO - Extracted 3 bands: ['b02', 'b03', 'b04']
2025-08-05 13:19:42,753 - INFO - Record already exists for grid 604, 2024-08
2025-08-05 13:19:42,754 - INFO - Processing: sentinel2_grid_603_2024_08.tiff
2025-08-05 13:19:42,761 - INFO - Extracted 3 bands: ['b02', 'b03', 'b04']
2025-08-05 13:19:42,764 - INFO - Record already exists for grid 603, 2024-08
2025-08-05 13:19:42,764 - INFO - Processing: sentinel2_grid_18_2024_08.tiff
2025-08-05 13:19:42,772 - INFO - Extracted 3 bands: ['b02', 'b03', 'b04']
2025-08-05 13:19:42,773 - INFO - Grid 18: Bbox alignment validated (overlap: 1.000000)
2025-08-05 13:19:42,923 - INFO - Successfully inserted record for grid 18, 2024-08
2025-08-05 13:19:42,923 - INFO - Processing: sentinel2_grid_533_2024_08.tiff
2025-08-05 13:19:42,932 - INFO - Extracted 3 bands: ['b02', 'b03', 'b04']
2025-08-05 13:19:42,934 - INFO - Record already exists for grid 533, 2024-08
2025-08-05 13:19:42,934 - INFO - Processing: sentinel2_grid_29_2024_08.tiff
2025-08-05 13:19:42,941 - INFO - Extracted 3 bands: ['b02', 'b03', 'b04']
2025-08-05 13:19:42,942 - INFO - Grid 29: Bbox alignment validated (overlap: 1.000000)
2025-08-05 13:19:43,105 - INFO - Successfully inserted record for grid 29, 2024-08
2025-08-05 13:19:43,107 - INFO - Processing: sentinel2_grid_532_2024_08.tiff
2025-08-05 13:19:43,119 - INFO - Extracted 3 bands: ['b02', 'b03', 'b04']
2025-08-05 13:19:43,121 - INFO - Record already exists for grid 532, 2024-08
2025-08-05 13:19:43,121 - INFO - Processing: sentinel2_grid_567_2024_08.tiff
2025-08-05 13:19:43,129 - INFO - Extracted 3 bands: ['b02', 'b03', 'b04']
2025-08-05 13:19:43,130 - INFO - Record already exists for grid 567, 2024-08
2025-08-05 13:19:43,130 - INFO - Processing: sentinel2_grid_531_2024_08.tiff
2025-08-05 13:19:43,137 - INFO - Extracted 3 bands: ['b02', 'b03', 'b04']
2025-08-05 13:19:43,138 - INFO - Record already exists for grid 531, 2024-08
2025-08-05 13:19:43,138 - INFO - Processing: sentinel2_grid_569_2024_08.tiff
2025-08-05 13:19:43,146 - INFO - Extracted 3 bands: ['b02', 'b03', 'b04']
2025-08-05 13:19:43,147 - INFO - Record already exists for grid 569, 2024-08
2025-08-05 13:19:43,147 - INFO - Processing: sentinel2_grid_17_2024_08.tiff
2025-08-05 13:19:43,154 - INFO - Extracted 3 bands: ['b02', 'b03', 'b04']
2025-08-05 13:19:43,155 - INFO - Grid 17: Bbox alignment validated (overlap: 1.000000)
2025-08-05 13:19:43,297 - INFO - Successfully inserted record for grid 17, 2024-08
2025-08-05 13:19:43,297 - INFO - Processing: sentinel2_grid_568_2024_08.tiff
2025-08-05 13:19:43,305 - INFO - Extracted 3 bands: ['b02', 'b03', 'b04']
2025-08-05 13:19:43,307 - INFO - Record already exists for grid 568, 2024-08
2025-08-05 13:19:43,307 - INFO - ============================================================
2025-08-05 13:19:43,307 - INFO - INSERTION SUMMARY
2025-08-05 13:19:43,307 - INFO - ============================================================
2025-08-05 13:19:43,307 - INFO - Total files processed: 13
2025-08-05 13:19:43,307 - INFO - Successfully inserted: 4
2025-08-05 13:19:43,307 - INFO - Failed: 0
2025-08-05 13:19:43,307 - INFO - Skipped (already exist): 9
2025-08-05 13:19:43,307 - INFO - Success rate: 30.8%
2025-08-05 13:19:43,307 - INFO - ============================================================
2025-08-05 13:19:43,308 - INFO - Database connection closed
2025-08-05 13:19:43,308 - INFO - Insertion process completed
